<?xml version="1.0" encoding="UTF-8"?>
<!-- Generated by org.testng.reporters.JUnitXMLReporter -->
<testsuite ignored="0" hostname="LAPTOP-BBV4M2VF" failures="2" tests="5" name="Test" time="131.854" errors="0" timestamp="2020-06-01T02:35:22 IST">
  <testcase classname="testcases.LogTest" name="testTitle" time="52.125">
    <failure type="java.lang.AssertionError" message="expected [oogle] but found [Google]">
      <![CDATA[java.lang.AssertionError: expected [oogle] but found [Google]
at testcases.LogTest.testTitle(LogTest.java:31)
at java.base/java.util.concurrent.ThreadPoolExecutor.runWorker(ThreadPoolExecutor.java:1128)
at java.base/java.util.concurrent.ThreadPoolExecutor$Worker.run(ThreadPoolExecutor.java:628)
at java.base/java.lang.Thread.run(Thread.java:834)
... Removed 17 stack frames]]>
    </failure>
  </testcase> <!-- testTitle -->
  <testcase classname="testcases.FileUpload" name="titleVerification" time="38.633">
    <failure type="java.lang.AssertionError" message="expected [YouTub] but found [YouTube]">
      <![CDATA[java.lang.AssertionError: expected [YouTub] but found [YouTube]
at testcases.FileUpload.titleVerification(FileUpload.java:68)
at java.base/java.util.concurrent.ThreadPoolExecutor.runWorker(ThreadPoolExecutor.java:1128)
at java.base/java.util.concurrent.ThreadPoolExecutor$Worker.run(ThreadPoolExecutor.java:628)
at java.base/java.lang.Thread.run(Thread.java:834)
... Removed 17 stack frames]]>
    </failure>
  </testcase> <!-- titleVerification -->
  <testcase classname="testcases.LoginTest" name="loginTest" time="50.109"/>
  <testcase classname="testcases.HashMapDemo" name="verifyCredentials" time="52.886"/>
  <testcase classname="testcases.FileUpload" name="uploadFileTest" time="43.195"/>
</testsuite> <!-- Test -->
