<?xml version="1.0" encoding="UTF-8"?>
<testsuite xmlns:xsi="http://www.w3.org/2001/XMLSchema-instance" xsi:noNamespaceSchemaLocation="https://maven.apache.org/surefire/maven-surefire-plugin/xsd/surefire-test-report.xsd" name="TestSuite" time="64.687" tests="5" errors="0" skipped="0" failures="3">
  <properties>
[...]
</properties>
  <testcase name="testTitle" classname="testcases.LogTest" time="3.941">
    <failure message="expected [oogle] but found [Google]" type="java.lang.AssertionError">java.lang.AssertionError: expected [oogle] but found [Google]
	at testcases.LogTest.testTitle(LogTest.java:31)
</failure>
    <system-err><![CDATA[May 24, 2020 12:51:17 AM org.openqa.selenium.remote.ProtocolHandshake createSession
INFO: Detected dialect: W3C
May 24, 2020 12:51:19 AM org.openqa.selenium.remote.ProtocolHandshake createSession
INFO: Detected dialect: W3C
May 24, 2020 12:51:19 AM org.openqa.selenium.remote.ProtocolHandshake createSession
INFO: Detected dialect: W3C
May 24, 2020 12:51:20 AM org.openqa.selenium.remote.ProtocolHandshake createSession
INFO: Detected dialect: W3C
]]></system-err>
  </testcase>
  <testcase name="loginTest" classname="testcases.LoginTest" time="9.147"/>
  <testcase name="verifyCredentials" classname="testcases.HashMapDemo" time="10.756"/>
  <testcase name="titleVerification" classname="testcases.FileUpload" time="14.83">
    <failure message="expected [YouTub] but found [YouTube]" type="java.lang.AssertionError">java.lang.AssertionError: expected [YouTub] but found [YouTube]
	at testcases.FileUpload.titleVerification(FileUpload.java:68)
</failure>
  </testcase>
  <testcase name="uploadFileTest" classname="testcases.FileUpload" time="24.538">
    <failure message="Expected condition failed: waiting for visibility of element located by By.id: processTask (tried for 20 second(s) with 500 milliseconds interval)" type="org.openqa.selenium.TimeoutException">org.openqa.selenium.TimeoutException: Expected condition failed: waiting for visibility of element located by By.id: processTask (tried for 20 second(s) with 500 milliseconds interval)
	at testcases.FileUpload.uploadFileTest(FileUpload.java:38)
Caused by: org.openqa.selenium.NoSuchElementException: 
no such element: Unable to locate element: {"method":"css selector","selector":"#processTask"}
  (Session info: chrome=81.0.4044.138)
For documentation on this error, please visit: https://www.seleniumhq.org/exceptions/no_such_element.html
Build info: version: '3.141.59', revision: 'e82be7d358', time: '2018-11-14T08:17:03'
System info: host: 'LAPTOP-BBV4M2VF', ip: '192.168.1.101', os.name: 'Windows 10', os.arch: 'amd64', os.version: '10.0', java.version: '11.0.5'
Driver info: org.openqa.selenium.chrome.ChromeDriver
Capabilities {acceptInsecureCerts: false, browserName: chrome, browserVersion: 81.0.4044.138, chrome: {chromedriverVersion: 80.0.3987.106 (f68069574609..., userDataDir: C:\Users\AnilY\AppData\Loca...}, goog:chromeOptions: {debuggerAddress: localhost:61480}, javascriptEnabled: true, networkConnectionEnabled: false, pageLoadStrategy: normal, platform: WINDOWS, platformName: WINDOWS, proxy: Proxy(), setWindowRect: true, strictFileInteractability: false, timeouts: {implicit: 0, pageLoad: 300000, script: 30000}, unhandledPromptBehavior: dismiss and notify}
Session ID: f0c4a13634844c976c2a97ea75a64a42
*** Element info: {Using=id, value=processTask}
	at testcases.FileUpload.uploadFileTest(FileUpload.java:38)
</failure>
    <system-err><![CDATA[May 24, 2020 12:51:42 AM org.openqa.selenium.remote.ProtocolHandshake createSession
INFO: Detected dialect: W3C
]]></system-err>
  </testcase>
</testsuite>