<?xml version="1.0" encoding="UTF-8"?>
<testng-results ignored="0" total="5" passed="3" failed="2" skipped="0">
  <reporter-output>
    <line>
      <![CDATA[<br><img src='C:\Users\AnilY\MavenDemo\reports\testTitle.png' height='300' width='300'/><br>]]>
    </line>
    <line>
      <![CDATA[<br><img src='C:\Users\AnilY\MavenDemo\reports\titleVerification.png' height='300' width='300'/><br>]]>
    </line>
  </reporter-output>
  <suite started-at="2020-06-01T02:33:09 IST" name="Suite" finished-at="2020-06-01T02:35:21 IST" duration-ms="131854">
    <groups>
    </groups>
    <test started-at="2020-06-01T02:33:09 IST" name="Test" finished-at="2020-06-01T02:35:21 IST" duration-ms="131854">
      <class name="testcases.LogTest">
        <test-method signature="testTitle()[pri:0, instance:testcases.LogTest@5e8f9e2d]" started-at="2020-06-01T02:33:10 IST" name="testTitle" finished-at="2020-06-01T02:34:02 IST" duration-ms="52125" status="FAIL">
          <exception class="java.lang.AssertionError">
            <message>
              <![CDATA[expected [oogle] but found [Google]]]>
            </message>
            <full-stacktrace>
              <![CDATA[java.lang.AssertionError: expected [oogle] but found [Google]
at org.testng.Assert.fail(Assert.java:97)
at org.testng.Assert.assertEqualsImpl(Assert.java:136)
at org.testng.Assert.assertEquals(Assert.java:118)
at org.testng.Assert.assertEquals(Assert.java:575)
at org.testng.Assert.assertEquals(Assert.java:585)
at testcases.LogTest.testTitle(LogTest.java:31)
at java.base/jdk.internal.reflect.NativeMethodAccessorImpl.invoke0(Native Method)
at java.base/jdk.internal.reflect.NativeMethodAccessorImpl.invoke(NativeMethodAccessorImpl.java:62)
at java.base/jdk.internal.reflect.DelegatingMethodAccessorImpl.invoke(DelegatingMethodAccessorImpl.java:43)
at java.base/java.lang.reflect.Method.invoke(Method.java:566)
at org.testng.internal.MethodInvocationHelper.invokeMethod(MethodInvocationHelper.java:133)
at org.testng.internal.TestInvoker.invokeMethod(TestInvoker.java:584)
at org.testng.internal.TestInvoker.invokeTestMethod(TestInvoker.java:172)
at org.testng.internal.MethodRunner.runInSequence(MethodRunner.java:46)
at org.testng.internal.TestInvoker$MethodInvocationAgent.invoke(TestInvoker.java:804)
at org.testng.internal.TestInvoker.invokeTestMethods(TestInvoker.java:145)
at org.testng.internal.TestMethodWorker.invokeTestMethods(TestMethodWorker.java:146)
at org.testng.internal.TestMethodWorker.run(TestMethodWorker.java:128)
at java.base/java.util.concurrent.ThreadPoolExecutor.runWorker(ThreadPoolExecutor.java:1128)
at java.base/java.util.concurrent.ThreadPoolExecutor$Worker.run(ThreadPoolExecutor.java:628)
at java.base/java.lang.Thread.run(Thread.java:834)
]]>
            </full-stacktrace>
          </exception> <!-- java.lang.AssertionError -->
          <reporter-output>
            <line>
              <![CDATA[<br><img src='C:\Users\AnilY\MavenDemo\reports\testTitle.png' height='300' width='300'/><br>]]>
            </line>
          </reporter-output>
        </test-method> <!-- testTitle -->
      </class> <!-- testcases.LogTest -->
      <class name="testcases.LoginTest">
        <test-method is-config="true" signature="setup()[pri:0, instance:testcases.LoginTest@2ce86164]" started-at="2020-06-01T02:33:10 IST" name="setup" finished-at="2020-06-01T02:33:33 IST" duration-ms="23413" status="PASS">
          <reporter-output>
          </reporter-output>
        </test-method> <!-- setup -->
        <test-method signature="loginTest()[pri:0, instance:testcases.LoginTest@2ce86164]" started-at="2020-06-01T02:33:33 IST" name="loginTest" finished-at="2020-06-01T02:34:23 IST" duration-ms="50109" status="PASS">
          <reporter-output>
          </reporter-output>
        </test-method> <!-- loginTest -->
      </class> <!-- testcases.LoginTest -->
      <class name="testcases.FileUpload">
        <test-method is-config="true" signature="setup()[pri:0, instance:testcases.FileUpload@51df223b]" started-at="2020-06-01T02:33:10 IST" name="setup" finished-at="2020-06-01T02:33:33 IST" duration-ms="23474" status="PASS">
          <reporter-output>
          </reporter-output>
        </test-method> <!-- setup -->
        <test-method signature="titleVerification()[pri:0, instance:testcases.FileUpload@51df223b]" started-at="2020-06-01T02:33:33 IST" name="titleVerification" finished-at="2020-06-01T02:34:12 IST" duration-ms="38633" status="FAIL">
          <exception class="java.lang.AssertionError">
            <message>
              <![CDATA[expected [YouTub] but found [YouTube]]]>
            </message>
            <full-stacktrace>
              <![CDATA[java.lang.AssertionError: expected [YouTub] but found [YouTube]
at org.testng.Assert.fail(Assert.java:97)
at org.testng.Assert.assertEqualsImpl(Assert.java:136)
at org.testng.Assert.assertEquals(Assert.java:118)
at org.testng.Assert.assertEquals(Assert.java:575)
at org.testng.Assert.assertEquals(Assert.java:585)
at testcases.FileUpload.titleVerification(FileUpload.java:68)
at java.base/jdk.internal.reflect.NativeMethodAccessorImpl.invoke0(Native Method)
at java.base/jdk.internal.reflect.NativeMethodAccessorImpl.invoke(NativeMethodAccessorImpl.java:62)
at java.base/jdk.internal.reflect.DelegatingMethodAccessorImpl.invoke(DelegatingMethodAccessorImpl.java:43)
at java.base/java.lang.reflect.Method.invoke(Method.java:566)
at org.testng.internal.MethodInvocationHelper.invokeMethod(MethodInvocationHelper.java:133)
at org.testng.internal.TestInvoker.invokeMethod(TestInvoker.java:584)
at org.testng.internal.TestInvoker.invokeTestMethod(TestInvoker.java:172)
at org.testng.internal.MethodRunner.runInSequence(MethodRunner.java:46)
at org.testng.internal.TestInvoker$MethodInvocationAgent.invoke(TestInvoker.java:804)
at org.testng.internal.TestInvoker.invokeTestMethods(TestInvoker.java:145)
at org.testng.internal.TestMethodWorker.invokeTestMethods(TestMethodWorker.java:146)
at org.testng.internal.TestMethodWorker.run(TestMethodWorker.java:128)
at java.base/java.util.concurrent.ThreadPoolExecutor.runWorker(ThreadPoolExecutor.java:1128)
at java.base/java.util.concurrent.ThreadPoolExecutor$Worker.run(ThreadPoolExecutor.java:628)
at java.base/java.lang.Thread.run(Thread.java:834)
]]>
            </full-stacktrace>
          </exception> <!-- java.lang.AssertionError -->
          <reporter-output>
            <line>
              <![CDATA[<br><img src='C:\Users\AnilY\MavenDemo\reports\titleVerification.png' height='300' width='300'/><br>]]>
            </line>
          </reporter-output>
        </test-method> <!-- titleVerification -->
        <test-method is-config="true" signature="teardown()[pri:0, instance:testcases.FileUpload@51df223b]" started-at="2020-06-01T02:34:14 IST" name="teardown" finished-at="2020-06-01T02:34:20 IST" duration-ms="5790" status="PASS">
          <reporter-output>
          </reporter-output>
        </test-method> <!-- teardown -->
        <test-method is-config="true" signature="setup()[pri:0, instance:testcases.FileUpload@51df223b]" started-at="2020-06-01T02:34:20 IST" name="setup" finished-at="2020-06-01T02:34:24 IST" duration-ms="4602" status="PASS">
          <reporter-output>
          </reporter-output>
        </test-method> <!-- setup -->
        <test-method signature="uploadFileTest()[pri:0, instance:testcases.FileUpload@51df223b]" started-at="2020-06-01T02:34:24 IST" name="uploadFileTest" finished-at="2020-06-01T02:35:08 IST" duration-ms="43195" status="PASS">
          <reporter-output>
          </reporter-output>
        </test-method> <!-- uploadFileTest -->
        <test-method is-config="true" signature="teardown()[pri:0, instance:testcases.FileUpload@51df223b]" started-at="2020-06-01T02:35:08 IST" name="teardown" finished-at="2020-06-01T02:35:21 IST" duration-ms="13670" status="PASS">
          <reporter-output>
          </reporter-output>
        </test-method> <!-- teardown -->
      </class> <!-- testcases.FileUpload -->
      <class name="testcases.HashMapDemo">
        <test-method is-config="true" signature="setup()[pri:0, instance:testcases.HashMapDemo@fd46303]" started-at="2020-06-01T02:33:10 IST" name="setup" finished-at="2020-06-01T02:33:33 IST" duration-ms="23480" status="PASS">
          <reporter-output>
          </reporter-output>
        </test-method> <!-- setup -->
        <test-method signature="verifyCredentials()[pri:0, instance:testcases.HashMapDemo@fd46303]" started-at="2020-06-01T02:33:33 IST" name="verifyCredentials" finished-at="2020-06-01T02:34:26 IST" duration-ms="52886" status="PASS">
          <reporter-output>
          </reporter-output>
        </test-method> <!-- verifyCredentials -->
      </class> <!-- testcases.HashMapDemo -->
    </test> <!-- Test -->
  </suite> <!-- Suite -->
</testng-results>
